This is pdfTeX, Version 3.1415926-2.3-1.40.12 (TeX Live 2011) (format=pdflatex 2011.9.29)  26 SEP 2012 01:35
entering extended mode
 \write18 enabled.
 file:line:error style messages enabled.
 %&-line parsing enabled.
**schwingungsmessystem.tex
(./schwingungsmessystem.tex
LaTeX2e <2009/09/24>
Babel <v3.8l> and hyphenation patterns for english, dumylang, nohyphenation, ge
rman-x-2009-06-19, ngerman-x-2009-06-19, afrikaans, ancientgreek, ibycus, arabi
c, armenian, basque, bulgarian, catalan, pinyin, coptic, croatian, czech, danis
h, dutch, ukenglish, usenglishmax, esperanto, estonian, ethiopic, farsi, finnis
h, french, galician, german, ngerman, swissgerman, monogreek, greek, hungarian,
 icelandic, assamese, bengali, gujarati, hindi, kannada, malayalam, marathi, or
iya, panjabi, tamil, telugu, indonesian, interlingua, irish, italian, kurmanji,
 lao, latin, latvian, lithuanian, mongolian, mongolianlmc, bokmal, nynorsk, pol
ish, portuguese, romanian, russian, sanskrit, serbian, serbianc, slovak, sloven
ian, spanish, swedish, turkish, turkmen, ukrainian, uppersorbian, welsh, loaded
.
(/usr/local/texlive/2011/texmf-dist/tex/latex/koma-script/scrartcl.cls
Document Class: scrartcl 2011/04/02 v3.09 KOMA-Script document class (article)
(/usr/local/texlive/2011/texmf-dist/tex/latex/koma-script/scrkbase.sty
Package: scrkbase 2011/04/02 v3.09 KOMA-Script package (KOMA-Script-dependent b
asics and keyval usage)

(/usr/local/texlive/2011/texmf-dist/tex/latex/koma-script/scrbase.sty
Package: scrbase 2011/04/02 v3.09 KOMA-Script package (KOMA-Script-independent 
basics and keyval usage)

(/usr/local/texlive/2011/texmf-dist/tex/latex/graphics/keyval.sty
Package: keyval 1999/03/16 v1.13 key=value parser (DPC)
\KV@toks@=\toks14
)
(/usr/local/texlive/2011/texmf-dist/tex/latex/koma-script/scrlfile.sty
Package: scrlfile 2011/03/09 v3.09 KOMA-Script package (loading files)

Package scrlfile, 2011/03/09 v3.09 KOMA-Script package (loading files)
                  Copyright (C) Markus Kohm

))) (/usr/local/texlive/2011/texmf-dist/tex/latex/koma-script/tocbasic.sty
Package: tocbasic 2011/03/23 v3.09 KOMA-Script package (handling toc-files)
)
Package tocbasic Info: omitting babel extension for `toc'
(tocbasic)             because of feature `nobabel' available
(tocbasic)             for `toc' on input line 115.
Package tocbasic Info: omitting babel extension for `lof'
(tocbasic)             because of feature `nobabel' available
(tocbasic)             for `lof' on input line 116.
Package tocbasic Info: omitting babel extension for `lot'
(tocbasic)             because of feature `nobabel' available
(tocbasic)             for `lot' on input line 117.
Package scrartcl Info: You've used obsolete option `12pt'.
(scrartcl)             \KOMAExecuteOptions{fontsize=12pt} will be
(scrartcl)             used instead.
(scrartcl)             You may simply replace `12pt'
(scrartcl)             by `fontsize=12pt'.
Class scrartcl Info: File `scrsize12pt.clo' used to setup font sizes on input l
ine 1246.

(/usr/local/texlive/2011/texmf-dist/tex/latex/koma-script/scrsize12pt.clo
File: scrsize12pt.clo 2011/04/02 v3.09 KOMA-Script font size class option (12pt
)
)
(/usr/local/texlive/2011/texmf-dist/tex/latex/koma-script/typearea.sty
Package: typearea 2011/04/02 v3.09 KOMA-Script package (type area)

Package typearea, 2011/04/02 v3.09 KOMA-Script package (type area)
                  Copyright (C) Frank Neukam, 1992-1994
                  Copyright (C) Markus Kohm, 1994-

\ta@bcor=\skip41
\ta@div=\count79
Package typearea Info: You've used standard option `a4paper'.
(typearea)             This is correct!
(typearea)             Internally I'm using `paper=a4'.
(typearea)             If you'd like to set the option with \KOMAoptions,
(typearea)             you'd have to use `paper=a4' there
(typearea)             instead of `a4paper', too.
\ta@hblk=\skip42
\ta@vblk=\skip43
\ta@temp=\skip44
Package typearea Info: These are the values describing the layout:
(typearea)             DIV  = 12
(typearea)             BCOR = 35.56593pt
(typearea)             \paperwidth      = 597.50793pt
(typearea)              \textwidth      = 421.45653pt
(typearea)              DIV departure   = 0%
(typearea)              \evensidemargin = 21.387pt
(typearea)              \oddsidemargin  = 10.12444pt
(typearea)             \paperheight     = 845.04694pt
(typearea)              \textheight     = 635.5pt
(typearea)              \topmargin      = -41.72441pt
(typearea)              \headheight     = 18.125pt
(typearea)              \headsep        = 21.75pt
(typearea)              \topskip        = 12.0pt
(typearea)              \footskip       = 50.75pt
(typearea)              \baselineskip   = 14.5pt
(typearea)              on input line 1138.
)
\c@part=\count80
\c@section=\count81
\c@subsection=\count82
\c@subsubsection=\count83
\c@paragraph=\count84
\c@subparagraph=\count85
\abovecaptionskip=\skip45
\belowcaptionskip=\skip46
\c@pti@nb@sid@b@x=\box26
\c@figure=\count86
\c@table=\count87
\bibindent=\dimen102
) (/usr/local/texlive/2011/texmf-dist/tex/generic/babel/babel.sty
Package: babel 2008/07/06 v3.8l The Babel package

(/usr/local/texlive/2011/texmf-dist/tex/generic/babel/ngermanb.ldf
Language: ngermanb 2008/07/06 v2.6n new German support from the babel system

(/usr/local/texlive/2011/texmf-dist/tex/generic/babel/babel.def
File: babel.def 2008/07/06 v3.8l Babel common definitions
\babel@savecnt=\count88
\U@D=\dimen103
)
\l@naustrian = a dialect from \language\l@ngerman 
Package babel Info: Making " an active character on input line 92.
))
(/usr/local/texlive/2011/texmf-dist/tex/latex/base/fontenc.sty
Package: fontenc 2005/09/27 v1.99g Standard LaTeX package

(/usr/local/texlive/2011/texmf-dist/tex/latex/base/t1enc.def
File: t1enc.def 2005/09/27 v1.99g Standard LaTeX file
LaTeX Font Info:    Redeclaring font encoding T1 on input line 43.
))
(/usr/local/texlive/2011/texmf-dist/tex/latex/base/inputenc.sty
Package: inputenc 2008/03/30 v1.1d Input encoding file
\inpenc@prehook=\toks15
\inpenc@posthook=\toks16

(/usr/local/texlive/2011/texmf-dist/tex/latex/base/utf8.def
File: utf8.def 2008/04/05 v1.1m UTF-8 support for inputenc
Now handling font encoding OML ...
... no UTF-8 mapping file for font encoding OML
Now handling font encoding T1 ...
... processing UTF-8 mapping file for font encoding T1

(/usr/local/texlive/2011/texmf-dist/tex/latex/base/t1enc.dfu
File: t1enc.dfu 2008/04/05 v1.1m UTF-8 support for inputenc
   defining Unicode char U+00A1 (decimal 161)
   defining Unicode char U+00A3 (decimal 163)
   defining Unicode char U+00AB (decimal 171)
   defining Unicode char U+00BB (decimal 187)
   defining Unicode char U+00BF (decimal 191)
   defining Unicode char U+00C0 (decimal 192)
   defining Unicode char U+00C1 (decimal 193)
   defining Unicode char U+00C2 (decimal 194)
   defining Unicode char U+00C3 (decimal 195)
   defining Unicode char U+00C4 (decimal 196)
   defining Unicode char U+00C5 (decimal 197)
   defining Unicode char U+00C6 (decimal 198)
   defining Unicode char U+00C7 (decimal 199)
   defining Unicode char U+00C8 (decimal 200)
   defining Unicode char U+00C9 (decimal 201)
   defining Unicode char U+00CA (decimal 202)
   defining Unicode char U+00CB (decimal 203)
   defining Unicode char U+00CC (decimal 204)
   defining Unicode char U+00CD (decimal 205)
   defining Unicode char U+00CE (decimal 206)
   defining Unicode char U+00CF (decimal 207)
   defining Unicode char U+00D0 (decimal 208)
   defining Unicode char U+00D1 (decimal 209)
   defining Unicode char U+00D2 (decimal 210)
   defining Unicode char U+00D3 (decimal 211)
   defining Unicode char U+00D4 (decimal 212)
   defining Unicode char U+00D5 (decimal 213)
   defining Unicode char U+00D6 (decimal 214)
   defining Unicode char U+00D8 (decimal 216)
   defining Unicode char U+00D9 (decimal 217)
   defining Unicode char U+00DA (decimal 218)
   defining Unicode char U+00DB (decimal 219)
   defining Unicode char U+00DC (decimal 220)
   defining Unicode char U+00DD (decimal 221)
   defining Unicode char U+00DE (decimal 222)
   defining Unicode char U+00DF (decimal 223)
   defining Unicode char U+00E0 (decimal 224)
   defining Unicode char U+00E1 (decimal 225)
   defining Unicode char U+00E2 (decimal 226)
   defining Unicode char U+00E3 (decimal 227)
   defining Unicode char U+00E4 (decimal 228)
   defining Unicode char U+00E5 (decimal 229)
   defining Unicode char U+00E6 (decimal 230)
   defining Unicode char U+00E7 (decimal 231)
   defining Unicode char U+00E8 (decimal 232)
   defining Unicode char U+00E9 (decimal 233)
   defining Unicode char U+00EA (decimal 234)
   defining Unicode char U+00EB (decimal 235)
   defining Unicode char U+00EC (decimal 236)
   defining Unicode char U+00ED (decimal 237)
   defining Unicode char U+00EE (decimal 238)
   defining Unicode char U+00EF (decimal 239)
   defining Unicode char U+00F0 (decimal 240)
   defining Unicode char U+00F1 (decimal 241)
   defining Unicode char U+00F2 (decimal 242)
   defining Unicode char U+00F3 (decimal 243)
   defining Unicode char U+00F4 (decimal 244)
   defining Unicode char U+00F5 (decimal 245)
   defining Unicode char U+00F6 (decimal 246)
   defining Unicode char U+00F8 (decimal 248)
   defining Unicode char U+00F9 (decimal 249)
   defining Unicode char U+00FA (decimal 250)
   defining Unicode char U+00FB (decimal 251)
   defining Unicode char U+00FC (decimal 252)
   defining Unicode char U+00FD (decimal 253)
   defining Unicode char U+00FE (decimal 254)
   defining Unicode char U+00FF (decimal 255)
   defining Unicode char U+0102 (decimal 258)
   defining Unicode char U+0103 (decimal 259)
   defining Unicode char U+0104 (decimal 260)
   defining Unicode char U+0105 (decimal 261)
   defining Unicode char U+0106 (decimal 262)
   defining Unicode char U+0107 (decimal 263)
   defining Unicode char U+010C (decimal 268)
   defining Unicode char U+010D (decimal 269)
   defining Unicode char U+010E (decimal 270)
   defining Unicode char U+010F (decimal 271)
   defining Unicode char U+0110 (decimal 272)
   defining Unicode char U+0111 (decimal 273)
   defining Unicode char U+0118 (decimal 280)
   defining Unicode char U+0119 (decimal 281)
   defining Unicode char U+011A (decimal 282)
   defining Unicode char U+011B (decimal 283)
   defining Unicode char U+011E (decimal 286)
   defining Unicode char U+011F (decimal 287)
   defining Unicode char U+0130 (decimal 304)
   defining Unicode char U+0131 (decimal 305)
   defining Unicode char U+0132 (decimal 306)
   defining Unicode char U+0133 (decimal 307)
   defining Unicode char U+0139 (decimal 313)
   defining Unicode char U+013A (decimal 314)
   defining Unicode char U+013D (decimal 317)
   defining Unicode char U+013E (decimal 318)
   defining Unicode char U+0141 (decimal 321)
   defining Unicode char U+0142 (decimal 322)
   defining Unicode char U+0143 (decimal 323)
   defining Unicode char U+0144 (decimal 324)
   defining Unicode char U+0147 (decimal 327)
   defining Unicode char U+0148 (decimal 328)
   defining Unicode char U+014A (decimal 330)
   defining Unicode char U+014B (decimal 331)
   defining Unicode char U+0150 (decimal 336)
   defining Unicode char U+0151 (decimal 337)
   defining Unicode char U+0152 (decimal 338)
   defining Unicode char U+0153 (decimal 339)
   defining Unicode char U+0154 (decimal 340)
   defining Unicode char U+0155 (decimal 341)
   defining Unicode char U+0158 (decimal 344)
   defining Unicode char U+0159 (decimal 345)
   defining Unicode char U+015A (decimal 346)
   defining Unicode char U+015B (decimal 347)
   defining Unicode char U+015E (decimal 350)
   defining Unicode char U+015F (decimal 351)
   defining Unicode char U+0160 (decimal 352)
   defining Unicode char U+0161 (decimal 353)
   defining Unicode char U+0162 (decimal 354)
   defining Unicode char U+0163 (decimal 355)
   defining Unicode char U+0164 (decimal 356)
   defining Unicode char U+0165 (decimal 357)
   defining Unicode char U+016E (decimal 366)
   defining Unicode char U+016F (decimal 367)
   defining Unicode char U+0170 (decimal 368)
   defining Unicode char U+0171 (decimal 369)
   defining Unicode char U+0178 (decimal 376)
   defining Unicode char U+0179 (decimal 377)
   defining Unicode char U+017A (decimal 378)
   defining Unicode char U+017B (decimal 379)
   defining Unicode char U+017C (decimal 380)
   defining Unicode char U+017D (decimal 381)
   defining Unicode char U+017E (decimal 382)
   defining Unicode char U+200C (decimal 8204)
   defining Unicode char U+2013 (decimal 8211)
   defining Unicode char U+2014 (decimal 8212)
   defining Unicode char U+2018 (decimal 8216)
   defining Unicode char U+2019 (decimal 8217)
   defining Unicode char U+201A (decimal 8218)
   defining Unicode char U+201C (decimal 8220)
   defining Unicode char U+201D (decimal 8221)
   defining Unicode char U+201E (decimal 8222)
   defining Unicode char U+2030 (decimal 8240)
   defining Unicode char U+2031 (decimal 8241)
   defining Unicode char U+2039 (decimal 8249)
   defining Unicode char U+203A (decimal 8250)
   defining Unicode char U+2423 (decimal 9251)
)
Now handling font encoding OT1 ...
... processing UTF-8 mapping file for font encoding OT1

(/usr/local/texlive/2011/texmf-dist/tex/latex/base/ot1enc.dfu
File: ot1enc.dfu 2008/04/05 v1.1m UTF-8 support for inputenc
   defining Unicode char U+00A1 (decimal 161)
   defining Unicode char U+00A3 (decimal 163)
   defining Unicode char U+00B8 (decimal 184)
   defining Unicode char U+00BF (decimal 191)
   defining Unicode char U+00C5 (decimal 197)
   defining Unicode char U+00C6 (decimal 198)
   defining Unicode char U+00D8 (decimal 216)
   defining Unicode char U+00DF (decimal 223)
   defining Unicode char U+00E6 (decimal 230)
   defining Unicode char U+00EC (decimal 236)
   defining Unicode char U+00ED (decimal 237)
   defining Unicode char U+00EE (decimal 238)
   defining Unicode char U+00EF (decimal 239)
   defining Unicode char U+00F8 (decimal 248)
   defining Unicode char U+0131 (decimal 305)
   defining Unicode char U+0141 (decimal 321)
   defining Unicode char U+0142 (decimal 322)
   defining Unicode char U+0152 (decimal 338)
   defining Unicode char U+0153 (decimal 339)
   defining Unicode char U+2013 (decimal 8211)
   defining Unicode char U+2014 (decimal 8212)
   defining Unicode char U+2018 (decimal 8216)
   defining Unicode char U+2019 (decimal 8217)
   defining Unicode char U+201C (decimal 8220)
   defining Unicode char U+201D (decimal 8221)
)
Now handling font encoding OMS ...
... processing UTF-8 mapping file for font encoding OMS

(/usr/local/texlive/2011/texmf-dist/tex/latex/base/omsenc.dfu
File: omsenc.dfu 2008/04/05 v1.1m UTF-8 support for inputenc
   defining Unicode char U+00A7 (decimal 167)
   defining Unicode char U+00B6 (decimal 182)
   defining Unicode char U+00B7 (decimal 183)
   defining Unicode char U+2020 (decimal 8224)
   defining Unicode char U+2021 (decimal 8225)
   defining Unicode char U+2022 (decimal 8226)
)
Now handling font encoding OMX ...
... no UTF-8 mapping file for font encoding OMX
Now handling font encoding U ...
... no UTF-8 mapping file for font encoding U
   defining Unicode char U+00A9 (decimal 169)
   defining Unicode char U+00AA (decimal 170)
   defining Unicode char U+00AE (decimal 174)
   defining Unicode char U+00BA (decimal 186)
   defining Unicode char U+02C6 (decimal 710)
   defining Unicode char U+02DC (decimal 732)
   defining Unicode char U+200C (decimal 8204)
   defining Unicode char U+2026 (decimal 8230)
   defining Unicode char U+2122 (decimal 8482)
   defining Unicode char U+2423 (decimal 9251)
))
(/usr/local/texlive/2011/texmf-dist/tex/latex/float/float.sty
Package: float 2001/11/08 v1.3d Float enhancements (AL)
\c@float@type=\count89
\float@exts=\toks17
\float@box=\box27
\@float@everytoks=\toks18
\@floatcapt=\box28
)
(/usr/local/texlive/2011/texmf-dist/tex/latex/setspace/setspace.sty
Package: setspace 2000/12/01 6.7 Contributed and Supported LaTeX2e package

Package: `setspace' 6.7 <2000/12/01>
) (/usr/local/texlive/2011/texmf-dist/tex/latex/natbib/natbib.sty
Package: natbib 2010/09/13 8.31b (PWD, AO)
\bibhang=\skip47
\bibsep=\skip48
LaTeX Info: Redefining \cite on input line 694.
\c@NAT@ctr=\count90
)
(/usr/local/texlive/2011/texmf-dist/tex/latex/titlesec/titlesec.sty
Package: titlesec 2007/08/12 v2.8 Sectioning titles
\ttl@box=\box29
\beforetitleunit=\skip49
\aftertitleunit=\skip50
\ttl@plus=\dimen104
\ttl@minus=\dimen105
\ttl@toksa=\toks19
\titlewidth=\dimen106
\titlewidthlast=\dimen107
\titlewidthfirst=\dimen108
)
(/usr/local/texlive/2011/texmf-dist/tex/latex/graphics/graphicx.sty
Package: graphicx 1999/02/16 v1.0f Enhanced LaTeX Graphics (DPC,SPQR)

(/usr/local/texlive/2011/texmf-dist/tex/latex/graphics/graphics.sty
Package: graphics 2009/02/05 v1.0o Standard LaTeX Graphics (DPC,SPQR)

(/usr/local/texlive/2011/texmf-dist/tex/latex/graphics/trig.sty
Package: trig 1999/03/16 v1.09 sin cos tan (DPC)
)
(/usr/local/texlive/2011/texmf-dist/tex/latex/latexconfig/graphics.cfg
File: graphics.cfg 2010/04/23 v1.9 graphics configuration of TeX Live
)
Package graphics Info: Driver file: pdftex.def on input line 91.

(/usr/local/texlive/2011/texmf-dist/tex/latex/pdftex-def/pdftex.def
File: pdftex.def 2011/05/27 v0.06d Graphics/color for pdfTeX

(/usr/local/texlive/2011/texmf-dist/tex/generic/oberdiek/infwarerr.sty
Package: infwarerr 2010/04/08 v1.3 Providing info/warning/message (HO)
)
(/usr/local/texlive/2011/texmf-dist/tex/generic/oberdiek/ltxcmds.sty
Package: ltxcmds 2011/04/18 v1.20 LaTeX kernel commands for general use (HO)
)
\Gread@gobject=\count91
))
\Gin@req@height=\dimen109
\Gin@req@width=\dimen110
)
(/usr/local/texlive/2011/texmf-dist/tex/latex/amsmath/amsmath.sty
Package: amsmath 2000/07/18 v2.13 AMS math features
\@mathmargin=\skip51

For additional information on amsmath, use the `?' option.
(/usr/local/texlive/2011/texmf-dist/tex/latex/amsmath/amstext.sty
Package: amstext 2000/06/29 v2.01

(/usr/local/texlive/2011/texmf-dist/tex/latex/amsmath/amsgen.sty
File: amsgen.sty 1999/11/30 v2.0
\@emptytoks=\toks20
\ex@=\dimen111
))
(/usr/local/texlive/2011/texmf-dist/tex/latex/amsmath/amsbsy.sty
Package: amsbsy 1999/11/29 v1.2d
\pmbraise@=\dimen112
)
(/usr/local/texlive/2011/texmf-dist/tex/latex/amsmath/amsopn.sty
Package: amsopn 1999/12/14 v2.01 operator names
)
\inf@bad=\count92
LaTeX Info: Redefining \frac on input line 211.
\uproot@=\count93
\leftroot@=\count94
LaTeX Info: Redefining \overline on input line 307.
\classnum@=\count95
\DOTSCASE@=\count96
LaTeX Info: Redefining \ldots on input line 379.
LaTeX Info: Redefining \dots on input line 382.
LaTeX Info: Redefining \cdots on input line 467.
\Mathstrutbox@=\box30
\strutbox@=\box31
\big@size=\dimen113
LaTeX Font Info:    Redeclaring font encoding OML on input line 567.
LaTeX Font Info:    Redeclaring font encoding OMS on input line 568.
\macc@depth=\count97
\c@MaxMatrixCols=\count98
\dotsspace@=\muskip10
\c@parentequation=\count99
\dspbrk@lvl=\count100
\tag@help=\toks21
\row@=\count101
\column@=\count102
\maxfields@=\count103
\andhelp@=\toks22
\eqnshift@=\dimen114
\alignsep@=\dimen115
\tagshift@=\dimen116
\tagwidth@=\dimen117
\totwidth@=\dimen118
\lineht@=\dimen119
\@envbody=\toks23
\multlinegap=\skip52
\multlinetaggap=\skip53
\mathdisplay@stack=\toks24
LaTeX Info: Redefining \[ on input line 2666.
LaTeX Info: Redefining \] on input line 2667.
)
(/usr/local/texlive/2011/texmf-dist/tex/latex/graphics/color.sty
Package: color 2005/11/14 v1.0j Standard LaTeX Color (DPC)

(/usr/local/texlive/2011/texmf-dist/tex/latex/latexconfig/color.cfg
File: color.cfg 2007/01/18 v1.5 color configuration of teTeX/TeXLive
)
Package color Info: Driver file: pdftex.def on input line 130.

(/usr/local/texlive/2011/texmf-dist/tex/latex/graphics/dvipsnam.def
File: dvipsnam.def 1999/02/16 v3.0i Driver-dependant file (DPC,SPQR)
))
(/usr/local/texlive/2011/texmf-dist/tex/latex/listings/listings.sty
\lst@mode=\count104
\lst@gtempboxa=\box32
\lst@token=\toks25
\lst@length=\count105
\lst@currlwidth=\dimen120
\lst@column=\count106
\lst@pos=\count107
\lst@lostspace=\dimen121
\lst@width=\dimen122
\lst@newlines=\count108
\lst@lineno=\count109
\lst@maxwidth=\dimen123

(/usr/local/texlive/2011/texmf-dist/tex/latex/listings/lstmisc.sty
File: lstmisc.sty 2007/02/22 1.4 (Carsten Heinz)
\c@lstnumber=\count110
\lst@skipnumbers=\count111
\lst@framebox=\box33
)
(/usr/local/texlive/2011/texmf-dist/tex/latex/listings/listings.cfg
File: listings.cfg 2007/02/22 1.4 listings configuration
))
Package: listings 2007/02/22 1.4 (Carsten Heinz)

(/usr/local/texlive/2011/texmf-dist/tex/latex/listings/lstlang1.sty
File: lstlang1.sty 2004/09/05 1.3 listings language file
)
(/usr/local/texlive/2011/texmf-dist/tex/latex/listings/lstmisc.sty
File: lstmisc.sty 2007/02/22 1.4 (Carsten Heinz)
)
(/usr/local/texlive/2011/texmf-dist/tex/latex/koma-script/scrpage2.sty
Package: scrpage2 2010/04/22 v2.5 LaTeX2e KOMA-Script package
LaTeX Info: Redefining \pagemark on input line 176.
)
(/usr/local/texlive/2011/texmf-dist/tex/latex/caption/caption.sty
Package: caption 2010/01/09 v3.1m Customizing captions (AR)

(/usr/local/texlive/2011/texmf-dist/tex/latex/caption/caption3.sty
Package: caption3 2010/01/14 v3.1m caption3 kernel (AR)
\captionmargin=\dimen124
\captionmargin@=\dimen125
\captionwidth=\dimen126
\caption@indent=\dimen127
\caption@parindent=\dimen128
\caption@hangindent=\dimen129
)
Package caption Info: KOMA-Script document class.
\c@ContinuedFloat=\count112
Package caption Info: float package is loaded.
Package caption Info: listings package is loaded.
)
(/usr/local/texlive/2011/texmf-dist/tex/latex/booktabs/booktabs.sty
Package: booktabs 2005/04/14 v1.61803 publication quality tables
\heavyrulewidth=\dimen130
\lightrulewidth=\dimen131
\cmidrulewidth=\dimen132
\belowrulesep=\dimen133
\belowbottomsep=\dimen134
\aboverulesep=\dimen135
\abovetopsep=\dimen136
\cmidrulesep=\dimen137
\cmidrulekern=\dimen138
\defaultaddspace=\dimen139
\@cmidla=\count113
\@cmidlb=\count114
\@aboverulesep=\dimen140
\@belowrulesep=\dimen141
\@thisruleclass=\count115
\@lastruleclass=\count116
\@thisrulewidth=\dimen142
)
(/usr/local/texlive/2011/texmf-dist/tex/latex/subfigure/subfigure.sty
Package: subfigure 2002/03/15 v2.1.5 subfigure package
\subfigtopskip=\skip54
\subfigcapskip=\skip55
\subfigcaptopadj=\dimen143
\subfigbottomskip=\skip56
\subfigcapmargin=\dimen144
\subfiglabelskip=\skip57
\c@subfigure=\count117
\c@lofdepth=\count118
\c@subtable=\count119
\c@lotdepth=\count120

****************************************
* Local config file subfigure.cfg used *
****************************************
(/usr/local/texlive/2011/texmf-dist/tex/latex/subfigure/subfigure.cfg)
\subfig@top=\skip58
\subfig@bottom=\skip59
)
(./schwingungsmessystem.aux)
\openout1 = `schwingungsmessystem.aux'.

LaTeX Font Info:    Checking defaults for OML/cmm/m/it on input line 132.
LaTeX Font Info:    ... okay on input line 132.
LaTeX Font Info:    Checking defaults for T1/cmr/m/n on input line 132.
LaTeX Font Info:    ... okay on input line 132.
LaTeX Font Info:    Checking defaults for OT1/cmr/m/n on input line 132.
LaTeX Font Info:    ... okay on input line 132.
LaTeX Font Info:    Checking defaults for OMS/cmsy/m/n on input line 132.
LaTeX Font Info:    ... okay on input line 132.
LaTeX Font Info:    Checking defaults for OMX/cmex/m/n on input line 132.
LaTeX Font Info:    ... okay on input line 132.
LaTeX Font Info:    Checking defaults for U/cmr/m/n on input line 132.
LaTeX Font Info:    ... okay on input line 132.

(/usr/local/texlive/2011/texmf-dist/tex/context/base/supp-pdf.mkii
[Loading MPS to PDF converter (version 2006.09.02).]
\scratchcounter=\count121
\scratchdimen=\dimen145
\scratchbox=\box34
\nofMPsegments=\count122
\nofMParguments=\count123
\everyMPshowfont=\toks26
\MPscratchCnt=\count124
\MPscratchDim=\dimen146
\MPnumerator=\count125
\makeMPintoPDFobject=\count126
\everyMPtoPDFconversion=\toks27
) (/usr/local/texlive/2011/texmf-dist/tex/generic/oberdiek/pdftexcmds.sty
Package: pdftexcmds 2011/04/22 v0.16 Utilities of pdfTeX for LuaTeX (HO)

(/usr/local/texlive/2011/texmf-dist/tex/generic/oberdiek/ifluatex.sty
Package: ifluatex 2010/03/01 v1.3 Provides the ifluatex switch (HO)
Package ifluatex Info: LuaTeX not detected.
)
(/usr/local/texlive/2011/texmf-dist/tex/generic/oberdiek/ifpdf.sty
Package: ifpdf 2011/01/30 v2.3 Provides the ifpdf switch (HO)
Package ifpdf Info: pdfTeX in PDF mode is detected.
)
Package pdftexcmds Info: LuaTeX not detected.
Package pdftexcmds Info: \pdf@primitive is available.
Package pdftexcmds Info: \pdf@ifprimitive is available.
Package pdftexcmds Info: \pdfdraftmode found.
)
(/usr/local/texlive/2011/texmf-dist/tex/latex/oberdiek/epstopdf-base.sty
Package: epstopdf-base 2010/02/09 v2.5 Base part for package epstopdf

(/usr/local/texlive/2011/texmf-dist/tex/latex/oberdiek/grfext.sty
Package: grfext 2010/08/19 v1.1 Managing graphics extensions (HO)

(/usr/local/texlive/2011/texmf-dist/tex/generic/oberdiek/kvdefinekeys.sty
Package: kvdefinekeys 2011/04/07 v1.3 Defining keys (HO)
))
(/usr/local/texlive/2011/texmf-dist/tex/latex/oberdiek/kvoptions.sty
Package: kvoptions 2010/12/23 v3.10 Keyval support for LaTeX options (HO)

(/usr/local/texlive/2011/texmf-dist/tex/generic/oberdiek/kvsetkeys.sty
Package: kvsetkeys 2011/04/07 v1.13 Key value parser (HO)

(/usr/local/texlive/2011/texmf-dist/tex/generic/oberdiek/etexcmds.sty
Package: etexcmds 2011/02/16 v1.5 Prefix for e-TeX command names (HO)
Package etexcmds Info: Could not find \expanded.
(etexcmds)             That can mean that you are not using pdfTeX 1.50 or
(etexcmds)             that some package has redefined \expanded.
(etexcmds)             In the latter case, load this package earlier.
)))
Package grfext Info: Graphics extension search list:
(grfext)             [.png,.pdf,.jpg,.mps,.jpeg,.jbig2,.jb2,.PNG,.PDF,.JPG,.JPE
G,.JBIG2,.JB2,.eps]
(grfext)             \AppendGraphicsExtensions on input line 452.

(/usr/local/texlive/2011/texmf-dist/tex/latex/latexconfig/epstopdf-sys.cfg
File: epstopdf-sys.cfg 2010/07/13 v1.3 Configuration of (r)epstopdf for TeX Liv
e
))
\c@lstlisting=\count127
Package caption Info: Begin \AtBeginDocument code.
Package caption Info: subfigure package is loaded.
Package caption Info: End \AtBeginDocument code.
LaTeX Font Info:    Try loading font information for T1+cmss on input line 139.


(/usr/local/texlive/2011/texmf-dist/tex/latex/base/t1cmss.fd
File: t1cmss.fd 1999/05/25 v2.5h Standard LaTeX font definitions
) [1


{/usr/local/texlive/2011/texmf-var/fonts/map/pdftex/updmap/pdftex.map}] [2


] [3] [4


]
(./schwingungsmessystem.toc)
\tf@toc=\write3
\openout3 = `schwingungsmessystem.toc'.

 [5] [6


]
<hardwareimages/radar.jpg, id=27, 680.5425pt x 1027.84pt>
File: hardwareimages/radar.jpg Graphic file (type jpg)

<use hardwareimages/radar.jpg>
Package pdftex.def Info: hardwareimages/radar.jpg used on input line 220.
(pdftex.def)             Requested size: 204.16432pt x 308.35437pt.

Underfull \hbox (badness 10000) in paragraph at lines 225--226

 []

[1 <./hardwareimages/radar.jpg>]
Package epstopdf Info: Source file: <phasenmessung.eps>
(epstopdf)                    date: 2012-09-20 16:02:06
(epstopdf)                    size: 60860 bytes
(epstopdf)             Output file: <phasenmessung-eps-converted-to.pdf>
(epstopdf)                    date: 2012-09-20 16:03:35
(epstopdf)                    size: 9879 bytes
(epstopdf)             Command: <epstopdf --outfile=phasenmessung-eps-converted
-to.pdf phasenmessung.eps>
(epstopdf)             \includegraphics on input line 232.
Package epstopdf Info: Output file is already uptodate.

<phasenmessung-eps-converted-to.pdf, id=36, 517.935pt x 223.83624pt>
File: phasenmessung-eps-converted-to.pdf Graphic file (type pdf)

<use phasenmessung-eps-converted-to.pdf>
Package pdftex.def Info: phasenmessung-eps-converted-to.pdf used on input line 
232.
(pdftex.def)             Requested size: 414.34854pt x 179.06923pt.

Underfull \hbox (badness 10000) in paragraph at lines 239--240

 []


Underfull \hbox (badness 10000) in paragraph at lines 241--242

 []


Underfull \hbox (badness 10000) in paragraph at lines 243--245

 []

[2 <./phasenmessung-eps-converted-to.pdf>]
Underfull \hbox (badness 10000) in paragraph at lines 248--249

 []

[3]
Package epstopdf Info: Source file: <federmasse.eps>
(epstopdf)                    date: 2012-08-31 12:35:01
(epstopdf)                    size: 36330 bytes
(epstopdf)             Output file: <federmasse-eps-converted-to.pdf>
(epstopdf)                    date: 2012-08-31 12:36:38
(epstopdf)                    size: 5097 bytes
(epstopdf)             Command: <epstopdf --outfile=federmasse-eps-converted-to
.pdf federmasse.eps>
(epstopdf)             \includegraphics on input line 266.
Package epstopdf Info: Output file is already uptodate.
 <federmasse-eps-converted-to.pdf, id=58, 331.2375pt x 202.7575pt>
File: federmasse-eps-converted-to.pdf Graphic file (type pdf)

<use federmasse-eps-converted-to.pdf>
Package pdftex.def Info: federmasse-eps-converted-to.pdf used on input line 266
.
(pdftex.def)             Requested size: 231.86465pt x 141.92928pt.

Underfull \hbox (badness 10000) in paragraph at lines 276--277

 []

[4 <./federmasse-eps-converted-to.pdf>]
Underfull \hbox (badness 10000) in paragraph at lines 300--302

 []


Underfull \hbox (badness 10000) in paragraph at lines 310--312

 []


Underfull \hbox (badness 10000) in paragraph at lines 317--319

 []


Underfull \vbox (badness 1902) has occurred while \output is active []

 [5]
<adxl_ruhe.png, id=78, 224.7597pt x 153.2124pt>
File: adxl_ruhe.png Graphic file (type png)
 <use adxl_ruhe.png>
Package pdftex.def Info: adxl_ruhe.png used on input line 337.
(pdftex.def)             Requested size: 199.16928pt x 135.77179pt.

<adxl_action.png, id=80, 249.69286pt x 150.3216pt>
File: adxl_action.png Graphic file (type png)
 <use adxl_action.png>
Package pdftex.def Info: adxl_action.png used on input line 341.
(pdftex.def)             Requested size: 199.16928pt x 119.90648pt.

<adxl_micro.png, id=81, 447.71265pt x 203.44005pt>
File: adxl_micro.png Graphic file (type png)
 <use adxl_micro.png>
Package pdftex.def Info: adxl_micro.png used on input line 348.
(pdftex.def)             Requested size: 447.71155pt x 203.43954pt.

Overfull \hbox (26.25502pt too wide) in paragraph at lines 348--349
 [][] 
 []

[6 <./adxl_ruhe.png> <./adxl_action.png>]
<schaltung_beschleunigungssensor.png, id=90, 176.70015pt x 119.2455pt>
File: schaltung_beschleunigungssensor.png Graphic file (type png)

<use schaltung_beschleunigungssensor.png>
Package pdftex.def Info: schaltung_beschleunigungssensor.png used on input line
 360.
(pdftex.def)             Requested size: 353.39941pt x 238.49039pt.
 [7 <./adxl_micro.png>]
Underfull \hbox (badness 10000) in paragraph at lines 385--386

 []

[8 <./schaltung_beschleunigungssensor.png>]
<sinusnoise.png, id=100, 790.955pt x 340.27126pt>
File: sinusnoise.png Graphic file (type png)
 <use sinusnoise.png>
Package pdftex.def Info: sinusnoise.png used on input line 417.
(pdftex.def)             Requested size: 435.0266pt x 187.14977pt.

Overfull \hbox (13.57007pt too wide) in paragraph at lines 417--418
[][] 
 []


Underfull \hbox (badness 10000) in paragraph at lines 422--423

 []

[9

]
Underfull \hbox (badness 10000) in paragraph at lines 424--425

 []


Underfull \hbox (badness 10000) in paragraph at lines 426--427

 []

[10 <./sinusnoise.png (PNG copy)>]
Underfull \hbox (badness 10000) in paragraph at lines 439--440

 []

<hardwareimages/bma180_breakout.jpg, id=107, 451.6875pt x 451.6875pt>
File: hardwareimages/bma180_breakout.jpg Graphic file (type jpg)

<use hardwareimages/bma180_breakout.jpg>
Package pdftex.def Info: hardwareimages/bma180_breakout.jpg used on input line 
444.
(pdftex.def)             Requested size: 180.67178pt x 180.67178pt.

<hardwareimages/ArduinoUno_R3_Front.jpg, id=108, 1806.75pt x 1248.665pt>
File: hardwareimages/ArduinoUno_R3_Front.jpg Graphic file (type jpg)

<use hardwareimages/ArduinoUno_R3_Front.jpg>
Package pdftex.def Info: hardwareimages/ArduinoUno_R3_Front.jpg used on input l
ine 458.
(pdftex.def)             Requested size: 361.3436pt x 249.72858pt.
 [11 <./hardwareimages/bma180_breakout.jpg>] [12 <./hardwareimages/ArduinoUno_R
3_Front.jpg>] [13]
<hardwareimages/breadboard.jpg, id=121, 1943.26pt x 2601.72pt>
File: hardwareimages/breadboard.jpg Graphic file (type jpg)

<use hardwareimages/breadboard.jpg>
Package pdftex.def Info: hardwareimages/breadboard.jpg used on input line 499.
(pdftex.def)             Requested size: 199.16928pt x 266.61848pt.

<hardwareimages/testaufbau.png, id=122, 1943.26pt x 2601.72pt>
File: hardwareimages/testaufbau.png Graphic file (type png)

<use hardwareimages/testaufbau.png>
Package pdftex.def Info: hardwareimages/testaufbau.png used on input line 503.
(pdftex.def)             Requested size: 199.16928pt x 266.61848pt.
Package epstopdf Info: Source file: <schematics.eps>
(epstopdf)                    date: 2012-08-31 15:35:23
(epstopdf)                    size: 47362 bytes
(epstopdf)             Output file: <schematics-eps-converted-to.pdf>
(epstopdf)                    date: 2012-08-31 15:35:59
(epstopdf)                    size: 8179 bytes
(epstopdf)             Command: <epstopdf --outfile=schematics-eps-converted-to
.pdf schematics.eps>
(epstopdf)             \includegraphics on input line 528.
Package epstopdf Info: Output file is already uptodate.

<schematics-eps-converted-to.pdf, id=123, 475.7775pt x 371.3875pt>
File: schematics-eps-converted-to.pdf Graphic file (type pdf)

<use schematics-eps-converted-to.pdf>
Package pdftex.def Info: schematics-eps-converted-to.pdf used on input line 528
.
(pdftex.def)             Requested size: 280.70628pt x 219.11671pt.
 [14 <./hardwareimages/breadboard.jpg> <./hardwareimages/testaufbau.png>]
Underfull \hbox (badness 10000) in paragraph at lines 539--540

 []

<hardwareimages/harz.jpg, id=127, 2601.72pt x 1943.26pt>
File: hardwareimages/harz.jpg Graphic file (type jpg)

<use hardwareimages/harz.jpg>
Package pdftex.def Info: hardwareimages/harz.jpg used on input line 543.
(pdftex.def)             Requested size: 364.23833pt x 272.05455pt.
 [15 <./schematics-eps-converted-to.pdf>]
<hardwareimages/arduinobox.jpg, id=138, 1943.26pt x 2601.72pt>
File: hardwareimages/arduinobox.jpg Graphic file (type jpg)

<use hardwareimages/arduinobox.jpg>
Package pdftex.def Info: hardwareimages/arduinobox.jpg used on input line 557.
(pdftex.def)             Requested size: 199.16928pt x 266.61848pt.

<hardwareimages/arduinoboxregen.jpg, id=139, 1943.26pt x 2601.72pt>
File: hardwareimages/arduinoboxregen.jpg Graphic file (type jpg)

<use hardwareimages/arduinoboxregen.jpg>
Package pdftex.def Info: hardwareimages/arduinoboxregen.jpg used on input line 
561.
(pdftex.def)             Requested size: 199.16928pt x 266.61848pt.
Package epstopdf Info: Source file: <hardwareimages/kabel.eps>
(epstopdf)                    date: 2012-08-14 11:44:17
(epstopdf)                    size: 30687 bytes
(epstopdf)             Output file: <hardwareimages/kabel-eps-converted-to.pdf>

(epstopdf)                    date: 2012-08-14 11:49:28
(epstopdf)                    size: 7284 bytes
(epstopdf)             Command: <epstopdf --outfile=hardwareimages/kabel-eps-co
nverted-to.pdf hardwareimages/kabel.eps>
(epstopdf)             \includegraphics on input line 570.
Package epstopdf Info: Output file is already uptodate.

<hardwareimages/kabel-eps-converted-to.pdf, id=140, 418.56375pt x 475.7775pt>
File: hardwareimages/kabel-eps-converted-to.pdf Graphic file (type pdf)

<use hardwareimages/kabel-eps-converted-to.pdf>
Package pdftex.def Info: hardwareimages/kabel-eps-converted-to.pdf used on inpu
t line 570.
(pdftex.def)             Requested size: 334.85144pt x 380.6225pt.
Package epstopdf Info: Source file: <hardwareimages/hirschmann_i2c.eps>
(epstopdf)                    date: 2012-08-10 15:40:41
(epstopdf)                    size: 22561 bytes
(epstopdf)             Output file: <hardwareimages/hirschmann_i2c-eps-converte
d-to.pdf>
(epstopdf)                    date: 2012-08-10 15:42:49
(epstopdf)                    size: 4657 bytes
(epstopdf)             Command: <epstopdf --outfile=hardwareimages/hirschmann_i
2c-eps-converted-to.pdf hardwareimages/hirschmann_i2c.eps>
(epstopdf)             \includegraphics on input line 578.
Package epstopdf Info: Output file is already uptodate.

<hardwareimages/hirschmann_i2c-eps-converted-to.pdf, id=141, 389.455pt x 389.45
5pt>
File: hardwareimages/hirschmann_i2c-eps-converted-to.pdf Graphic file (type pdf
)
 <use hardwareimages/hirschmann_i2c-eps-converted-to.pdf>
Package pdftex.def Info: hardwareimages/hirschmann_i2c-eps-converted-to.pdf use
d on input line 578.
(pdftex.def)             Requested size: 155.77924pt x 155.77924pt.

Underfull \vbox (badness 10000) has occurred while \output is active []

 [16 <./hardwareimages/harz.jpg>]
Underfull \hbox (badness 10000) in paragraph at lines 606--607

 []


Underfull \vbox (badness 10000) has occurred while \output is active []

 [17 <./hardwareimages/arduinobox.jpg> <./hardwareimages/arduinoboxregen.jpg> <
./hardwareimages/hirschmann_i2c-eps-converted-to.pdf>]
Underfull \hbox (badness 10000) in paragraph at lines 612--612
\T1/cmr/m/n/10 https://bitbucket.org/johnmccombs/arduino-libraries/src/058c7101
c8da/bma180 (Au-gust
 []


Underfull \hbox (badness 10000) in paragraph at lines 612--614

 []


Underfull \vbox (badness 10000) has occurred while \output is active []

 [18 <./hardwareimages/kabel-eps-converted-to.pdf>]
LaTeX Font Info:    Try loading font information for T1+cmtt on input line 615.


(/usr/local/texlive/2011/texmf-dist/tex/latex/base/t1cmtt.fd
File: t1cmtt.fd 1999/05/25 v2.5h Standard LaTeX font definitions
)
Underfull \hbox (badness 10000) in paragraph at lines 618--619

 []

<registerstransp.png, id=159, 1302.8675pt x 151.56625pt>
File: registerstransp.png Graphic file (type png)

<use registerstransp.png>
Package pdftex.def Info: registerstransp.png used on input line 632.
(pdftex.def)             Requested size: 429.9476pt x 50.01701pt.

Overfull \hbox (8.49107pt too wide) in paragraph at lines 632--633
[][] 
 []

[19] (/usr/local/texlive/2011/texmf-dist/tex/latex/listings/lstlang1.sty
File: lstlang1.sty 2004/09/05 1.3 listings language file
)
[20 <./registerstransp.png>]
Package epstopdf Info: Source file: <bitops.eps>
(epstopdf)                    date: 2012-08-15 18:45:19
(epstopdf)                    size: 67366 bytes
(epstopdf)             Output file: <bitops-eps-converted-to.pdf>
(epstopdf)                    date: 2012-08-15 18:46:38
(epstopdf)                    size: 9516 bytes
(epstopdf)             Command: <epstopdf --outfile=bitops-eps-converted-to.pdf
 bitops.eps>
(epstopdf)             \includegraphics on input line 673.
Package epstopdf Info: Output file is already uptodate.

<bitops-eps-converted-to.pdf, id=172, 576.1525pt x 418.56375pt>
File: bitops-eps-converted-to.pdf Graphic file (type pdf)

<use bitops-eps-converted-to.pdf>
Package pdftex.def Info: bitops-eps-converted-to.pdf used on input line 673.
(pdftex.def)             Requested size: 288.07553pt x 209.28136pt.
 [21 <./bitops-eps-converted-to.pdf>]
Underfull \hbox (badness 10000) in paragraph at lines 692--693

 []

[22]
Underfull \hbox (badness 10000) in paragraph at lines 734--735

 []


Underfull \hbox (badness 10000) in paragraph at lines 736--737

 []


Underfull \hbox (badness 10000) in paragraph at lines 738--739

 []

Package epstopdf Info: Source file: <auslesen.eps>
(epstopdf)                    date: 2012-09-26 00:52:21
(epstopdf)                    size: 98198 bytes
(epstopdf)             Output file: <auslesen-eps-converted-to.pdf>
(epstopdf)                    date: 2012-09-26 00:52:52
(epstopdf)                    size: 12037 bytes
(epstopdf)             Command: <epstopdf --outfile=auslesen-eps-converted-to.p
df auslesen.eps>
(epstopdf)             \includegraphics on input line 742.
Package epstopdf Info: Output file is already uptodate.
<auslesen-eps-converted-to.pdf, id=190, 583.17876pt x 660.4675pt>
File: auslesen-eps-converted-to.pdf Graphic file (type pdf)

<use auslesen-eps-converted-to.pdf>
Package pdftex.def Info: auslesen-eps-converted-to.pdf used on input line 742.
(pdftex.def)             Requested size: 408.22235pt x 462.3241pt.
 [23] [24 <./auslesen-eps-converted-to.pdf>]
Underfull \hbox (badness 10000) in paragraph at lines 750--751

 []

LaTeX Font Info:    Try loading font information for OMS+cmr on input line 757.

(/usr/local/texlive/2011/texmf-dist/tex/latex/base/omscmr.fd
File: omscmr.fd 1999/05/25 v2.5h Standard LaTeX font definitions
)
LaTeX Font Info:    Font shape `OMS/cmr/m/n' in size <10> not available
(Font)              Font shape `OMS/cmsy/m/n' tried instead on input line 757.

Underfull \vbox (badness 3189) has occurred while \output is active []

 [25

]
Underfull \hbox (badness 10000) in paragraph at lines 778--779

 []

<wakiki/firstexample2.png, id=210, 521.95pt x 886.31125pt>
File: wakiki/firstexample2.png Graphic file (type png)

<use wakiki/firstexample2.png>
Package pdftex.def Info: wakiki/firstexample2.png used on input line 794.
(pdftex.def)             Requested size: 313.17241pt x 531.79085pt.

Underfull \vbox (badness 10000) has occurred while \output is active []

 [26]
Overfull \vbox (18.01057pt too high) has occurred while \output is active []


[27 <./wakiki/firstexample2.png>]
Underfull \hbox (badness 10000) in paragraph at lines 810--811

 []


Underfull \hbox (badness 10000) in paragraph at lines 813--814

 []

<hardwareimages/tisch.jpg, id=217, 1885.0425pt x 1831.84375pt>
File: hardwareimages/tisch.jpg Graphic file (type jpg)

<use hardwareimages/tisch.jpg>
Package pdftex.def Info: hardwareimages/tisch.jpg used on input line 824.
(pdftex.def)             Requested size: 245.06413pt x 238.14804pt.

Underfull \hbox (badness 1173) in paragraph at lines 825--825
[][]|\T1/cmr/m/n/10.95 Messauf-bau: Be-we-gungs-mes-sung des Au-to-kla-ven-auf-
baus. Der Be-schleu-ni-
 []


Underfull \vbox (badness 10000) has occurred while \output is active []

 [28]
Underfull \hbox (badness 10000) in paragraph at lines 831--833

 []

<wakiki/tischmovement3.png, id=221, 496.85625pt x 877.2775pt>
File: wakiki/tischmovement3.png Graphic file (type png)

<use wakiki/tischmovement3.png>
Package pdftex.def Info: wakiki/tischmovement3.png used on input line 841.
(pdftex.def)             Requested size: 347.797pt x 614.09007pt.

Underfull \vbox (badness 10000) has occurred while \output is active []

 [29 <./hardwareimages/tisch.jpg>]
Overfull \vbox (15.79007pt too high) has occurred while \output is active []


[30 <./wakiki/tischmovement3.png>]
<wakiki/tischmovement_y.png, id=228, 926.46124pt x 727.71875pt>
File: wakiki/tischmovement_y.png Graphic file (type png)

<use wakiki/tischmovement_y.png>
Package pdftex.def Info: wakiki/tischmovement_y.png used on input line 848.
(pdftex.def)             Requested size: 463.22948pt x 363.85847pt.

Overfull \hbox (41.77295pt too wide) in paragraph at lines 848--849
 [][] 
 []


Overfull \hbox (3.75572pt too wide) in paragraph at lines 853--854
[]\T1/cmr/m/n/12 Die Mes-sung zeigt, dass der Tisch ei-ne ge-dämpf-te Schwin-gu
ng aus-führt. Der Erstaus-
 []


Underfull \hbox (badness 10000) in paragraph at lines 855--856

 []

[31 <./wakiki/tischmovement_y.png (PNG copy)>] [32]
<hardwareimages/asc.jpg, id=236, 602.25pt x 421.575pt>
File: hardwareimages/asc.jpg Graphic file (type jpg)

<use hardwareimages/asc.jpg>
Package pdftex.def Info: hardwareimages/asc.jpg used on input line 897.
(pdftex.def)             Requested size: 301.12425pt x 210.78697pt.

<unsymmetrisch.png, id=237, 434.3427pt x 112.2594pt>
File: unsymmetrisch.png Graphic file (type png)
 <use unsymmetrisch.png>
Package pdftex.def Info: unsymmetrisch.png used on input line 906.
(pdftex.def)             Requested size: 390.90482pt x 101.0325pt.

[33 <./hardwareimages/asc.jpg>]
<symmetrisch.png, id=242, 426.6339pt x 112.7412pt>
File: symmetrisch.png Graphic file (type png)
 <use symmetrisch.png>
Package pdftex.def Info: symmetrisch.png used on input line 922.
(pdftex.def)             Requested size: 383.96695pt x 101.46613pt.

[34 <./unsymmetrisch.png> <./symmetrisch.png>]
<hardwareimages/diamondmm16at.jpg, id=248, 602.25pt x 594.22pt>
File: hardwareimages/diamondmm16at.jpg Graphic file (type jpg)

<use hardwareimages/diamondmm16at.jpg>
Package pdftex.def Info: hardwareimages/diamondmm16at.jpg used on input line 94
0.
(pdftex.def)             Requested size: 240.89572pt x 237.68379pt.

<interrupt.png, id=249, 312.6882pt x 195.6108pt>
File: interrupt.png Graphic file (type png)
 <use interrupt.png>
Package pdftex.def Info: interrupt.png used on input line 955.
(pdftex.def)             Requested size: 437.76048pt x 273.85323pt.

Overfull \hbox (16.30396pt too wide) in paragraph at lines 955--956
 [][] 
 []


Underfull \vbox (badness 10000) has occurred while \output is active []

 [35 <./hardwareimages/diamondmm16at.jpg>] [36 <./interrupt.png>]
Package epstopdf Info: Source file: <fifolifo.eps>
(epstopdf)                    date: 2012-09-12 10:33:01
(epstopdf)                    size: 29140 bytes
(epstopdf)             Output file: <fifolifo-eps-converted-to.pdf>
(epstopdf)                    date: 2012-09-12 10:34:42
(epstopdf)                    size: 6314 bytes
(epstopdf)             Command: <epstopdf --outfile=fifolifo-eps-converted-to.p
df fifolifo.eps>
(epstopdf)             \includegraphics on input line 973.
Package epstopdf Info: Output file is already uptodate.

<fifolifo-eps-converted-to.pdf, id=257, 453.695pt x 420.57124pt>
File: fifolifo-eps-converted-to.pdf Graphic file (type pdf)

<use fifolifo-eps-converted-to.pdf>
Package pdftex.def Info: fifolifo-eps-converted-to.pdf used on input line 973.
(pdftex.def)             Requested size: 317.58434pt x 294.39786pt.

Underfull \hbox (badness 10000) in paragraph at lines 978--979

 []


Underfull \hbox (badness 10000) in paragraph at lines 980--981

 []

[37 <./fifolifo-eps-converted-to.pdf>]
Underfull \hbox (badness 10000) in paragraph at lines 998--998
[][]\T1/cmr/m/n/10 http://files.diamondsystems.com/cdrom/Software/Universal%20D
river/Demos/DMM16-
 []


Underfull \hbox (badness 10000) in paragraph at lines 998--1000

 []

[38]
Underfull \hbox (badness 10000) in paragraph at lines 1003--1004

 []

LaTeX Font Info:    Font shape `OMS/cmr/m/n' in size <12> not available
(Font)              Font shape `OMS/cmsy/m/n' tried instead on input line 1014.

[39]
Underfull \hbox (badness 10000) in paragraph at lines 1054--1055

 []

[40]
Underfull \hbox (badness 10000) in paragraph at lines 1085--1086

 []

[41]
Underfull \hbox (badness 10000) in paragraph at lines 1109--1111

 []


Underfull \hbox (badness 10000) in paragraph at lines 1112--1113

 []

[42]
Underfull \hbox (badness 10000) in paragraph at lines 1163--1164

 []

[43]
Overfull \hbox (40.02107pt too wide) in paragraph at lines 1183--1185
[]\T1/cmr/m/n/12 In Zei-le 1 fin-det die Über-prü-fung statt, ob die ak-tu-el-l
e Po-si-ti-on im Buf-fer (\T1/cmtt/m/n/12 dscs.transfers\T1/cmr/m/n/12 )
 []

<samplebuffer.png, id=285, 752.8125pt x 422.57875pt>
File: samplebuffer.png Graphic file (type png)
 <use samplebuffer.png>
Package pdftex.def Info: samplebuffer.png used on input line 1188.
(pdftex.def)             Requested size: 414.04816pt x 232.41902pt.

Underfull \vbox (badness 10000) has occurred while \output is active []

 [44]
Underfull \hbox (badness 10000) in paragraph at lines 1197--1198

 []

[45 <./samplebuffer.png>]
Underfull \hbox (badness 10000) in paragraph at lines 1225--1226

 []

[46] <targets.jpg, id=296, 1943.26pt x 2601.72pt>
File: targets.jpg Graphic file (type jpg)
 <use targets.jpg>
Package pdftex.def Info: targets.jpg used on input line 1235.
(pdftex.def)             Requested size: 252.63266pt x 338.23547pt.
 [47 <./targets.jpg>]
Underfull \hbox (badness 10000) in paragraph at lines 1252--1254

 []

<geoauswertung/radarzeit.png, id=300, 835.12pt x 495.8525pt>
File: geoauswertung/radarzeit.png Graphic file (type png)

<use geoauswertung/radarzeit.png>
Package pdftex.def Info: geoauswertung/radarzeit.png used on input line 1263.
(pdftex.def)             Requested size: 417.55898pt x 247.92564pt.

Underfull \hbox (badness 10000) in paragraph at lines 1270--1271

 []

[48 <./geoauswertung/radarzeit.png (PNG copy)>]
Underfull \hbox (badness 10000) in paragraph at lines 1274--1275

 []

<geoauswertung/a_vs_z.png, id=304, 855.195pt x 1400.23125pt>
File: geoauswertung/a_vs_z.png Graphic file (type png)

<use geoauswertung/a_vs_z.png>
Package pdftex.def Info: geoauswertung/a_vs_z.png used on input line 1281.
(pdftex.def)             Requested size: 342.07195pt x 560.08258pt.


LaTeX Warning: Float too large for page by 2.5826pt on input line 1284.


Underfull \hbox (badness 10000) in paragraph at lines 1288--1289

 []


Underfull \hbox (badness 10000) in paragraph at lines 1290--1291

 []

<geoauswertung/v_trend.png, id=305, 732.7375pt x 633.36626pt>
File: geoauswertung/v_trend.png Graphic file (type png)

<use geoauswertung/v_trend.png>
Package pdftex.def Info: geoauswertung/v_trend.png used on input line 1302.
(pdftex.def)             Requested size: 439.64589pt x 380.02269pt.

Overfull \hbox (18.18936pt too wide) in paragraph at lines 1302--1303
[][] 
 []

<geoauswertung/riesenfehler.png, id=306, 781.92125pt x 877.2775pt>
File: geoauswertung/riesenfehler.png Graphic file (type png)

<use geoauswertung/riesenfehler.png>
Package pdftex.def Info: geoauswertung/riesenfehler.png used on input line 1311
.
(pdftex.def)             Requested size: 390.95967pt x 438.63768pt.
 [49]
Underfull \hbox (badness 10000) in paragraph at lines 1322--1323

 []

<geoauswertung/compare_v.png, id=311, 887.315pt x 1412.27625pt>
File: geoauswertung/compare_v.png Graphic file (type png)

<use geoauswertung/compare_v.png>
Package pdftex.def Info: geoauswertung/compare_v.png used on input line 1326.
(pdftex.def)             Requested size: 354.91971pt x 564.9005pt.

<geoauswertung/best.png, id=312, 875.27pt x 1434.35875pt>
File: geoauswertung/best.png Graphic file (type png)

<use geoauswertung/best.png>
Package pdftex.def Info: geoauswertung/best.png used on input line 1335.
(pdftex.def)             Requested size: 350.10179pt x 573.73335pt.


LaTeX Warning: Float too large for page by 2.63336pt on input line 1338.

[50] [51 <./geoauswertung/a_vs_z.png>] [52 <./geoauswertung/v_trend.png (PNG co
py)>] [53 <./geoauswertung/riesenfehler.png (PNG copy)>] [54 <./geoauswertung/c
ompare_v.png>] [55 <./geoauswertung/best.png>]
Underfull \hbox (badness 10000) in paragraph at lines 1353--1354

 []


Underfull \hbox (badness 10000) in paragraph at lines 1359--1360

 []

[56

] (./schwingungsmessystem.bbl [57

]) [58]
Underfull \hbox (badness 10000) in paragraph at lines 1388--1389

 []


Underfull \hbox (badness 10000) in paragraph at lines 1391--1392

 []


Underfull \hbox (badness 10000) in paragraph at lines 1397--1398

 []

[59

] (./schwingungsmessystem.aux) ) 
Here is how much of TeX's memory you used:
 8664 strings out of 493633
 126980 string characters out of 3143377
 316586 words of memory out of 3000000
 11767 multiletter control sequences out of 15000+200000
 24397 words of font info for 57 fonts, out of 3000000 for 9000
 831 hyphenation exceptions out of 8191
 47i,15n,49p,700b,1775s stack positions out of 5000i,500n,10000p,200000b,50000s
{/usr/local/texlive/2011/texmf-dist/fonts/enc/d
vips/cm-super/cm-super-t1.enc}</usr/local/texlive/2011/texmf-dist/fonts/type1/p
ublic/amsfonts/cm/cmex10.pfb></usr/local/texlive/2011/texmf-dist/fonts/type1/pu
blic/amsfonts/cm/cmmi10.pfb></usr/local/texlive/2011/texmf-dist/fonts/type1/pub
lic/amsfonts/cm/cmmi12.pfb></usr/local/texlive/2011/texmf-dist/fonts/type1/publ
ic/amsfonts/cm/cmmi6.pfb></usr/local/texlive/2011/texmf-dist/fonts/type1/public
/amsfonts/cm/cmmi8.pfb></usr/local/texlive/2011/texmf-dist/fonts/type1/public/a
msfonts/cm/cmr10.pfb></usr/local/texlive/2011/texmf-dist/fonts/type1/public/ams
fonts/cm/cmr12.pfb></usr/local/texlive/2011/texmf-dist/fonts/type1/public/amsfo
nts/cm/cmr17.pfb></usr/local/texlive/2011/texmf-dist/fonts/type1/public/amsfont
s/cm/cmr7.pfb></usr/local/texlive/2011/texmf-dist/fonts/type1/public/amsfonts/c
m/cmr8.pfb></usr/local/texlive/2011/texmf-dist/fonts/type1/public/amsfonts/cm/c
msy10.pfb></usr/local/texlive/2011/texmf-dist/fonts/type1/public/amsfonts/cm/cm
sy8.pfb></usr/local/texlive/2011/texmf-dist/fonts/type1/public/amsfonts/latxfon
t/lcircle1.pfb></usr/local/texlive/2011/texmf-dist/fonts/type1/public/cm-super/
sfbx1000.pfb></usr/local/texlive/2011/texmf-dist/fonts/type1/public/cm-super/sf
bx1095.pfb></usr/local/texlive/2011/texmf-dist/fonts/type1/public/cm-super/sfbx
1200.pfb></usr/local/texlive/2011/texmf-dist/fonts/type1/public/cm-super/sfbx14
40.pfb></usr/local/texlive/2011/texmf-dist/fonts/type1/public/cm-super/sfrm0700
.pfb></usr/local/texlive/2011/texmf-dist/fonts/type1/public/cm-super/sfrm0800.p
fb></usr/local/texlive/2011/texmf-dist/fonts/type1/public/cm-super/sfrm1000.pfb
></usr/local/texlive/2011/texmf-dist/fonts/type1/public/cm-super/sfrm1095.pfb><
/usr/local/texlive/2011/texmf-dist/fonts/type1/public/cm-super/sfrm1200.pfb></u
sr/local/texlive/2011/texmf-dist/fonts/type1/public/cm-super/sfsl1200.pfb></usr
/local/texlive/2011/texmf-dist/fonts/type1/public/cm-super/sfsx1200.pfb></usr/l
ocal/texlive/2011/texmf-dist/fonts/type1/public/cm-super/sfsx2488.pfb></usr/loc
al/texlive/2011/texmf-dist/fonts/type1/public/cm-super/sfti0800.pfb></usr/local
/texlive/2011/texmf-dist/fonts/type1/public/cm-super/sfti1095.pfb></usr/local/t
exlive/2011/texmf-dist/fonts/type1/public/cm-super/sfti1200.pfb></usr/local/tex
live/2011/texmf-dist/fonts/type1/public/cm-super/sftt1000.pfb></usr/local/texli
ve/2011/texmf-dist/fonts/type1/public/cm-super/sftt1095.pfb></usr/local/texlive
/2011/texmf-dist/fonts/type1/public/cm-super/sftt1200.pfb>
Output written on schwingungsmessystem.pdf (65 pages, 19782558 bytes).
PDF statistics:
 442 PDF objects out of 1000 (max. 8388607)
 290 compressed objects within 3 object streams
 0 named destinations out of 1000 (max. 500000)
 196 words of extra memory for PDF output out of 10000 (max. 10000000)

